Performing C SOURCE FILE Test CMAKE_HAVE_LIBC_PTHREAD failed with the following output:
Change Dir: /home/richtong888/nose_decect/catkin_ws/build_isolated/beginner_tutorials/CMakeFiles/CMakeTmp

Run Build Command(s):/usr/bin/make -f Makefile cmTC_18a9e/fast && /usr/bin/make  -f CMakeFiles/cmTC_18a9e.dir/build.make CMakeFiles/cmTC_18a9e.dir/build
make[1]: Entering directory '/home/richtong888/nose_decect/catkin_ws/build_isolated/beginner_tutorials/CMakeFiles/CMakeTmp'
Building C object CMakeFiles/cmTC_18a9e.dir/src.c.o
/usr/bin/cc -DCMAKE_HAVE_LIBC_PTHREAD   -o CMakeFiles/cmTC_18a9e.dir/src.c.o -c /home/richtong888/nose_decect/catkin_ws/build_isolated/beginner_tutorials/CMakeFiles/CMakeTmp/src.c
Linking C executable cmTC_18a9e
/home/richtong888/.local/lib/python3.6/site-packages/cmake/data/bin/cmake -E cmake_link_script CMakeFiles/cmTC_18a9e.dir/link.txt --verbose=1
/usr/bin/cc -rdynamic CMakeFiles/cmTC_18a9e.dir/src.c.o -o cmTC_18a9e 
CMakeFiles/cmTC_18a9e.dir/src.c.o: In function `main':
src.c:(.text+0x3e): undefined reference to `pthread_create'
src.c:(.text+0x4a): undefined reference to `pthread_detach'
src.c:(.text+0x56): undefined reference to `pthread_cancel'
src.c:(.text+0x67): undefined reference to `pthread_join'
src.c:(.text+0x7b): undefined reference to `pthread_atfork'
collect2: error: ld returned 1 exit status
CMakeFiles/cmTC_18a9e.dir/build.make:98: recipe for target 'cmTC_18a9e' failed
make[1]: *** [cmTC_18a9e] Error 1
make[1]: Leaving directory '/home/richtong888/nose_decect/catkin_ws/build_isolated/beginner_tutorials/CMakeFiles/CMakeTmp'
Makefile:127: recipe for target 'cmTC_18a9e/fast' failed
make: *** [cmTC_18a9e/fast] Error 2


Source file was:
#include <pthread.h>

static void* test_func(void* data)
{
  return data;
}

int main(void)
{
  pthread_t thread;
  pthread_create(&thread, NULL, test_func, NULL);
  pthread_detach(thread);
  pthread_cancel(thread);
  pthread_join(thread, NULL);
  pthread_atfork(NULL, NULL, NULL);
  pthread_exit(NULL);

  return 0;
}

Determining if the function pthread_create exists in the pthreads failed with the following output:
Change Dir: /home/richtong888/nose_decect/catkin_ws/build_isolated/beginner_tutorials/CMakeFiles/CMakeTmp

Run Build Command(s):/usr/bin/make -f Makefile cmTC_2f844/fast && /usr/bin/make  -f CMakeFiles/cmTC_2f844.dir/build.make CMakeFiles/cmTC_2f844.dir/build
make[1]: Entering directory '/home/richtong888/nose_decect/catkin_ws/build_isolated/beginner_tutorials/CMakeFiles/CMakeTmp'
Building C object CMakeFiles/cmTC_2f844.dir/CheckFunctionExists.c.o
/usr/bin/cc   -DCHECK_FUNCTION_EXISTS=pthread_create -o CMakeFiles/cmTC_2f844.dir/CheckFunctionExists.c.o -c /home/richtong888/.local/lib/python3.6/site-packages/cmake/data/share/cmake-3.20/Modules/CheckFunctionExists.c
Linking C executable cmTC_2f844
/home/richtong888/.local/lib/python3.6/site-packages/cmake/data/bin/cmake -E cmake_link_script CMakeFiles/cmTC_2f844.dir/link.txt --verbose=1
/usr/bin/cc  -DCHECK_FUNCTION_EXISTS=pthread_create -rdynamic CMakeFiles/cmTC_2f844.dir/CheckFunctionExists.c.o -o cmTC_2f844  -lpthreads 
/usr/bin/ld: cannot find -lpthreads
collect2: error: ld returned 1 exit status
CMakeFiles/cmTC_2f844.dir/build.make:98: recipe for target 'cmTC_2f844' failed
make[1]: *** [cmTC_2f844] Error 1
make[1]: Leaving directory '/home/richtong888/nose_decect/catkin_ws/build_isolated/beginner_tutorials/CMakeFiles/CMakeTmp'
Makefile:127: recipe for target 'cmTC_2f844/fast' failed
make: *** [cmTC_2f844/fast] Error 2



